2015-10-18 02:29:46,857 - ResourceCache : initialized. (class org.apache.velocity.runtime.resource.ResourceCacheImpl)
2015-10-18 02:29:46,857 - Default ResourceManager initialization complete.
2015-10-18 02:29:46,869 - Loaded System Directive: org.apache.velocity.runtime.directive.Literal
2015-10-18 02:29:46,885 - Loaded System Directive: org.apache.velocity.runtime.directive.Macro
2015-10-18 02:29:46,898 - Loaded System Directive: org.apache.velocity.runtime.directive.Parse
2015-10-18 02:29:46,906 - Loaded System Directive: org.apache.velocity.runtime.directive.Include
2015-10-18 02:29:46,912 - Loaded System Directive: org.apache.velocity.runtime.directive.Foreach
2015-10-18 02:29:46,997 - Created: 20 parsers.
2015-10-18 02:29:47,034 - Velocimacro : initialization starting.
2015-10-18 02:29:47,034 - Velocimacro : adding VMs from VM library template : VM_global_library.vm
2015-10-18 02:29:47,049 - ResourceManager : unable to find resource 'VM_global_library.vm' in any resource loader.
2015-10-18 02:29:47,049 - Velocimacro : error using  VM library template VM_global_library.vm : org.apache.velocity.exception.ResourceNotFoundException: Unable to find resource 'VM_global_library.vm'
2015-10-18 02:29:47,049 - Velocimacro :  VM library template macro registration complete.
2015-10-18 02:29:47,050 - Velocimacro : allowInline = true : VMs can be defined inline in templates
2015-10-18 02:29:47,050 - Velocimacro : allowInlineToOverride = false : VMs defined inline may NOT replace previous VM definitions
2015-10-18 02:29:47,050 - Velocimacro : allowInlineLocal = false : VMs defined inline will be  global in scope if allowed.
2015-10-18 02:29:47,050 - Velocimacro : messages on  : VM system will output logging messages
2015-10-18 02:29:47,050 - Velocimacro : autoload off  : VM system will not automatically reload global library macros
2015-10-18 02:29:47,050 - Velocimacro : initialization complete.
2015-10-18 02:29:47,050 - Velocity successfully started.
2015-10-18 02:30:34,292 - SimpleLog4JLogSystem initialized using logfile 'velocity.log'
2015-10-18 02:30:34,292 - ************************************************************** 
2015-10-18 02:30:34,293 - Starting Jakarta Velocity v1.4
2015-10-18 02:30:34,293 - RuntimeInstance initializing.
2015-10-18 02:30:34,293 - Default Properties File: org/apache/velocity/runtime/defaults/velocity.properties
2015-10-18 02:30:34,293 - Trying to use logger class org.apache.velocity.runtime.log.SimpleLog4JLogSystem
2015-10-18 02:30:34,293 - Using logger class org.apache.velocity.runtime.log.SimpleLog4JLogSystem
2015-10-18 02:30:34,339 - Default ResourceManager initializing. (class org.apache.velocity.runtime.resource.ResourceManagerImpl)
2015-10-18 02:30:34,358 - Resource Loader Instantiated: org.apache.velocity.runtime.resource.loader.ClasspathResourceLoader
2015-10-18 02:30:34,358 - ClasspathResourceLoader : initialization starting.
2015-10-18 02:30:34,358 - ClasspathResourceLoader : initialization complete.
2015-10-18 02:30:34,367 - ResourceCache : initialized. (class org.apache.velocity.runtime.resource.ResourceCacheImpl)
2015-10-18 02:30:34,367 - Default ResourceManager initialization complete.
2015-10-18 02:30:34,475 - Loaded System Directive: org.apache.velocity.runtime.directive.Literal
2015-10-18 02:30:34,483 - Loaded System Directive: org.apache.velocity.runtime.directive.Macro
2015-10-18 02:30:34,533 - Loaded System Directive: org.apache.velocity.runtime.directive.Parse
2015-10-18 02:30:34,540 - Loaded System Directive: org.apache.velocity.runtime.directive.Include
2015-10-18 02:30:34,550 - Loaded System Directive: org.apache.velocity.runtime.directive.Foreach
2015-10-18 02:30:34,675 - Created: 20 parsers.
2015-10-18 02:30:34,699 - Velocimacro : initialization starting.
2015-10-18 02:30:34,699 - Velocimacro : adding VMs from VM library template : VM_global_library.vm
2015-10-18 02:30:34,733 - ResourceManager : unable to find resource 'VM_global_library.vm' in any resource loader.
2015-10-18 02:30:34,735 - Velocimacro : error using  VM library template VM_global_library.vm : org.apache.velocity.exception.ResourceNotFoundException: Unable to find resource 'VM_global_library.vm'
2015-10-18 02:30:34,737 - Velocimacro :  VM library template macro registration complete.
2015-10-18 02:30:34,737 - Velocimacro : allowInline = true : VMs can be defined inline in templates
2015-10-18 02:30:34,738 - Velocimacro : allowInlineToOverride = false : VMs defined inline may NOT replace previous VM definitions
2015-10-18 02:30:34,738 - Velocimacro : allowInlineLocal = false : VMs defined inline will be  global in scope if allowed.
2015-10-18 02:30:34,739 - Velocimacro : messages on  : VM system will output logging messages
2015-10-18 02:30:34,739 - Velocimacro : autoload off  : VM system will not automatically reload global library macros
2015-10-18 02:30:34,739 - Velocimacro : initialization complete.
2015-10-18 02:30:34,739 - Velocity successfully started.
2015-10-18 02:31:41,446 - SimpleLog4JLogSystem initialized using logfile 'velocity.log'
2015-10-18 02:31:41,446 - ************************************************************** 
2015-10-18 02:31:41,447 - Starting Jakarta Velocity v1.4
2015-10-18 02:31:41,447 - RuntimeInstance initializing.
2015-10-18 02:31:41,447 - Default Properties File: org/apache/velocity/runtime/defaults/velocity.properties
2015-10-18 02:31:41,447 - Trying to use logger class org.apache.velocity.runtime.log.SimpleLog4JLogSystem
2015-10-18 02:31:41,447 - Using logger class org.apache.velocity.runtime.log.SimpleLog4JLogSystem
2015-10-18 02:31:41,457 - Default ResourceManager initializing. (class org.apache.velocity.runtime.resource.ResourceManagerImpl)
2015-10-18 02:31:41,469 - Resource Loader Instantiated: org.apache.velocity.runtime.resource.loader.ClasspathResourceLoader
2015-10-18 02:31:41,469 - ClasspathResourceLoader : initialization starting.
2015-10-18 02:31:41,469 - ClasspathResourceLoader : initialization complete.
2015-10-18 02:31:41,476 - ResourceCache : initialized. (class org.apache.velocity.runtime.resource.ResourceCacheImpl)
2015-10-18 02:31:41,476 - Default ResourceManager initialization complete.
2015-10-18 02:31:41,480 - Loaded System Directive: org.apache.velocity.runtime.directive.Literal
2015-10-18 02:31:41,490 - Loaded System Directive: org.apache.velocity.runtime.directive.Macro
2015-10-18 02:31:41,501 - Loaded System Directive: org.apache.velocity.runtime.directive.Parse
2015-10-18 02:31:41,508 - Loaded System Directive: org.apache.velocity.runtime.directive.Include
2015-10-18 02:31:41,511 - Loaded System Directive: org.apache.velocity.runtime.directive.Foreach
2015-10-18 02:31:41,584 - Created: 20 parsers.
2015-10-18 02:31:41,602 - Velocimacro : initialization starting.
2015-10-18 02:31:41,602 - Velocimacro : adding VMs from VM library template : VM_global_library.vm
2015-10-18 02:31:41,614 - ResourceManager : unable to find resource 'VM_global_library.vm' in any resource loader.
2015-10-18 02:31:41,614 - Velocimacro : error using  VM library template VM_global_library.vm : org.apache.velocity.exception.ResourceNotFoundException: Unable to find resource 'VM_global_library.vm'
2015-10-18 02:31:41,614 - Velocimacro :  VM library template macro registration complete.
2015-10-18 02:31:41,614 - Velocimacro : allowInline = true : VMs can be defined inline in templates
2015-10-18 02:31:41,615 - Velocimacro : allowInlineToOverride = false : VMs defined inline may NOT replace previous VM definitions
2015-10-18 02:31:41,615 - Velocimacro : allowInlineLocal = false : VMs defined inline will be  global in scope if allowed.
2015-10-18 02:31:41,615 - Velocimacro : messages on  : VM system will output logging messages
2015-10-18 02:31:41,615 - Velocimacro : autoload off  : VM system will not automatically reload global library macros
2015-10-18 02:31:41,615 - Velocimacro : initialization complete.
2015-10-18 02:31:41,615 - Velocity successfully started.
2015-10-18 02:38:48,420 - SimpleLog4JLogSystem initialized using logfile 'velocity.log'
2015-10-18 02:38:48,438 - ************************************************************** 
2015-10-18 02:38:48,438 - Starting Jakarta Velocity v1.4
2015-10-18 02:38:48,438 - RuntimeInstance initializing.
2015-10-18 02:38:48,439 - Default Properties File: org/apache/velocity/runtime/defaults/velocity.properties
2015-10-18 02:38:48,439 - Trying to use logger class org.apache.velocity.runtime.log.SimpleLog4JLogSystem
2015-10-18 02:38:48,439 - Using logger class org.apache.velocity.runtime.log.SimpleLog4JLogSystem
2015-10-18 02:38:48,459 - Default ResourceManager initializing. (class org.apache.velocity.runtime.resource.ResourceManagerImpl)
2015-10-18 02:38:48,470 - Resource Loader Instantiated: org.apache.velocity.runtime.resource.loader.ClasspathResourceLoader
2015-10-18 02:38:48,470 - ClasspathResourceLoader : initialization starting.
2015-10-18 02:38:48,470 - ClasspathResourceLoader : initialization complete.
2015-10-18 02:38:48,474 - ResourceCache : initialized. (class org.apache.velocity.runtime.resource.ResourceCacheImpl)
2015-10-18 02:38:48,474 - Default ResourceManager initialization complete.
2015-10-18 02:38:48,480 - Loaded System Directive: org.apache.velocity.runtime.directive.Literal
2015-10-18 02:38:48,493 - Loaded System Directive: org.apache.velocity.runtime.directive.Macro
2015-10-18 02:38:48,506 - Loaded System Directive: org.apache.velocity.runtime.directive.Parse
2015-10-18 02:38:48,512 - Loaded System Directive: org.apache.velocity.runtime.directive.Include
2015-10-18 02:38:48,516 - Loaded System Directive: org.apache.velocity.runtime.directive.Foreach
2015-10-18 02:38:48,633 - Created: 20 parsers.
2015-10-18 02:38:48,689 - Velocimacro : initialization starting.
2015-10-18 02:38:48,689 - Velocimacro : adding VMs from VM library template : VM_global_library.vm
2015-10-18 02:38:48,709 - ResourceManager : unable to find resource 'VM_global_library.vm' in any resource loader.
2015-10-18 02:38:48,709 - Velocimacro : error using  VM library template VM_global_library.vm : org.apache.velocity.exception.ResourceNotFoundException: Unable to find resource 'VM_global_library.vm'
2015-10-18 02:38:48,709 - Velocimacro :  VM library template macro registration complete.
2015-10-18 02:38:48,710 - Velocimacro : allowInline = true : VMs can be defined inline in templates
2015-10-18 02:38:48,710 - Velocimacro : allowInlineToOverride = false : VMs defined inline may NOT replace previous VM definitions
2015-10-18 02:38:48,710 - Velocimacro : allowInlineLocal = false : VMs defined inline will be  global in scope if allowed.
2015-10-18 02:38:48,710 - Velocimacro : messages on  : VM system will output logging messages
2015-10-18 02:38:48,710 - Velocimacro : autoload off  : VM system will not automatically reload global library macros
2015-10-18 02:38:48,710 - Velocimacro : initialization complete.
2015-10-18 02:38:48,710 - Velocity successfully started.
2015-10-18 02:39:55,996 - SimpleLog4JLogSystem initialized using logfile 'velocity.log'
2015-10-18 02:39:55,996 - ************************************************************** 
2015-10-18 02:39:55,996 - Starting Jakarta Velocity v1.4
2015-10-18 02:39:55,996 - RuntimeInstance initializing.
2015-10-18 02:39:55,996 - Default Properties File: org/apache/velocity/runtime/defaults/velocity.properties
2015-10-18 02:39:55,996 - Trying to use logger class org.apache.velocity.runtime.log.SimpleLog4JLogSystem
2015-10-18 02:39:55,996 - Using logger class org.apache.velocity.runtime.log.SimpleLog4JLogSystem
2015-10-18 02:39:56,008 - Default ResourceManager initializing. (class org.apache.velocity.runtime.resource.ResourceManagerImpl)
2015-10-18 02:39:56,020 - Resource Loader Instantiated: org.apache.velocity.runtime.resource.loader.ClasspathResourceLoader
2015-10-18 02:39:56,020 - ClasspathResourceLoader : initialization starting.
2015-10-18 02:39:56,020 - ClasspathResourceLoader : initialization complete.
2015-10-18 02:39:56,028 - ResourceCache : initialized. (class org.apache.velocity.runtime.resource.ResourceCacheImpl)
2015-10-18 02:39:56,028 - Default ResourceManager initialization complete.
2015-10-18 02:39:56,033 - Loaded System Directive: org.apache.velocity.runtime.directive.Literal
2015-10-18 02:39:56,038 - Loaded System Directive: org.apache.velocity.runtime.directive.Macro
2015-10-18 02:39:56,048 - Loaded System Directive: org.apache.velocity.runtime.directive.Parse
2015-10-18 02:39:56,055 - Loaded System Directive: org.apache.velocity.runtime.directive.Include
2015-10-18 02:39:56,063 - Loaded System Directive: org.apache.velocity.runtime.directive.Foreach
2015-10-18 02:39:56,152 - Created: 20 parsers.
2015-10-18 02:39:56,225 - Velocimacro : initialization starting.
2015-10-18 02:39:56,225 - Velocimacro : adding VMs from VM library template : VM_global_library.vm
2015-10-18 02:39:56,244 - ResourceManager : unable to find resource 'VM_global_library.vm' in any resource loader.
2015-10-18 02:39:56,244 - Velocimacro : error using  VM library template VM_global_library.vm : org.apache.velocity.exception.ResourceNotFoundException: Unable to find resource 'VM_global_library.vm'
2015-10-18 02:39:56,244 - Velocimacro :  VM library template macro registration complete.
2015-10-18 02:39:56,244 - Velocimacro : allowInline = true : VMs can be defined inline in templates
2015-10-18 02:39:56,244 - Velocimacro : allowInlineToOverride = false : VMs defined inline may NOT replace previous VM definitions
2015-10-18 02:39:56,244 - Velocimacro : allowInlineLocal = false : VMs defined inline will be  global in scope if allowed.
2015-10-18 02:39:56,244 - Velocimacro : messages on  : VM system will output logging messages
2015-10-18 02:39:56,244 - Velocimacro : autoload off  : VM system will not automatically reload global library macros
2015-10-18 02:39:56,244 - Velocimacro : initialization complete.
2015-10-18 02:39:56,244 - Velocity successfully started.
2015-10-18 02:47:25,094 - SimpleLog4JLogSystem initialized using logfile 'velocity.log'
2015-10-18 02:47:25,163 - ************************************************************** 
2015-10-18 02:47:25,164 - Starting Jakarta Velocity v1.4
2015-10-18 02:47:25,164 - RuntimeInstance initializing.
2015-10-18 02:47:25,164 - Default Properties File: org/apache/velocity/runtime/defaults/velocity.properties
2015-10-18 02:47:25,164 - Trying to use logger class org.apache.velocity.runtime.log.SimpleLog4JLogSystem
2015-10-18 02:47:25,164 - Using logger class org.apache.velocity.runtime.log.SimpleLog4JLogSystem
2015-10-18 02:47:25,170 - Default ResourceManager initializing. (class org.apache.velocity.runtime.resource.ResourceManagerImpl)
2015-10-18 02:47:25,178 - Resource Loader Instantiated: org.apache.velocity.runtime.resource.loader.ClasspathResourceLoader
2015-10-18 02:47:25,178 - ClasspathResourceLoader : initialization starting.
2015-10-18 02:47:25,178 - ClasspathResourceLoader : initialization complete.
2015-10-18 02:47:25,183 - ResourceCache : initialized. (class org.apache.velocity.runtime.resource.ResourceCacheImpl)
2015-10-18 02:47:25,183 - Default ResourceManager initialization complete.
2015-10-18 02:47:25,189 - Loaded System Directive: org.apache.velocity.runtime.directive.Literal
2015-10-18 02:47:25,194 - Loaded System Directive: org.apache.velocity.runtime.directive.Macro
2015-10-18 02:47:25,201 - Loaded System Directive: org.apache.velocity.runtime.directive.Parse
2015-10-18 02:47:25,206 - Loaded System Directive: org.apache.velocity.runtime.directive.Include
2015-10-18 02:47:25,208 - Loaded System Directive: org.apache.velocity.runtime.directive.Foreach
2015-10-18 02:47:25,294 - Created: 20 parsers.
2015-10-18 02:47:25,393 - Velocimacro : initialization starting.
2015-10-18 02:47:25,393 - Velocimacro : adding VMs from VM library template : VM_global_library.vm
2015-10-18 02:47:25,483 - ResourceManager : unable to find resource 'VM_global_library.vm' in any resource loader.
2015-10-18 02:47:25,483 - Velocimacro : error using  VM library template VM_global_library.vm : org.apache.velocity.exception.ResourceNotFoundException: Unable to find resource 'VM_global_library.vm'
2015-10-18 02:47:25,483 - Velocimacro :  VM library template macro registration complete.
2015-10-18 02:47:25,483 - Velocimacro : allowInline = true : VMs can be defined inline in templates
2015-10-18 02:47:25,483 - Velocimacro : allowInlineToOverride = false : VMs defined inline may NOT replace previous VM definitions
2015-10-18 02:47:25,524 - Velocimacro : allowInlineLocal = false : VMs defined inline will be  global in scope if allowed.
2015-10-18 02:47:25,524 - Velocimacro : messages on  : VM system will output logging messages
2015-10-18 02:47:25,524 - Velocimacro : autoload off  : VM system will not automatically reload global library macros
2015-10-18 02:47:25,524 - Velocimacro : initialization complete.
2015-10-18 02:47:25,524 - Velocity successfully started.
2015-10-20 11:47:26,821 - SimpleLog4JLogSystem initialized using logfile 'velocity.log'
2015-10-20 11:47:26,840 - ************************************************************** 
2015-10-20 11:47:26,841 - Starting Jakarta Velocity v1.4
2015-10-20 11:47:26,841 - RuntimeInstance initializing.
2015-10-20 11:47:26,841 - Default Properties File: org/apache/velocity/runtime/defaults/velocity.properties
2015-10-20 11:47:26,841 - Trying to use logger class org.apache.velocity.runtime.log.SimpleLog4JLogSystem
2015-10-20 11:47:26,841 - Using logger class org.apache.velocity.runtime.log.SimpleLog4JLogSystem
2015-10-20 11:47:26,849 - Default ResourceManager initializing. (class org.apache.velocity.runtime.resource.ResourceManagerImpl)
2015-10-20 11:47:26,855 - Resource Loader Instantiated: org.apache.velocity.runtime.resource.loader.ClasspathResourceLoader
2015-10-20 11:47:26,855 - ClasspathResourceLoader : initialization starting.
2015-10-20 11:47:26,855 - ClasspathResourceLoader : initialization complete.
2015-10-20 11:47:26,862 - ResourceCache : initialized. (class org.apache.velocity.runtime.resource.ResourceCacheImpl)
2015-10-20 11:47:26,862 - Default ResourceManager initialization complete.
2015-10-20 11:47:26,869 - Loaded System Directive: org.apache.velocity.runtime.directive.Literal
2015-10-20 11:47:26,874 - Loaded System Directive: org.apache.velocity.runtime.directive.Macro
2015-10-20 11:47:26,881 - Loaded System Directive: org.apache.velocity.runtime.directive.Parse
2015-10-20 11:47:26,886 - Loaded System Directive: org.apache.velocity.runtime.directive.Include
2015-10-20 11:47:26,889 - Loaded System Directive: org.apache.velocity.runtime.directive.Foreach
2015-10-20 11:47:26,999 - Created: 20 parsers.
2015-10-20 11:47:27,027 - Velocimacro : initialization starting.
2015-10-20 11:47:27,027 - Velocimacro : adding VMs from VM library template : VM_global_library.vm
2015-10-20 11:47:27,040 - ResourceManager : unable to find resource 'VM_global_library.vm' in any resource loader.
2015-10-20 11:47:27,040 - Velocimacro : error using  VM library template VM_global_library.vm : org.apache.velocity.exception.ResourceNotFoundException: Unable to find resource 'VM_global_library.vm'
2015-10-20 11:47:27,040 - Velocimacro :  VM library template macro registration complete.
2015-10-20 11:47:27,040 - Velocimacro : allowInline = true : VMs can be defined inline in templates
2015-10-20 11:47:27,040 - Velocimacro : allowInlineToOverride = false : VMs defined inline may NOT replace previous VM definitions
2015-10-20 11:47:27,040 - Velocimacro : allowInlineLocal = false : VMs defined inline will be  global in scope if allowed.
2015-10-20 11:47:27,040 - Velocimacro : messages on  : VM system will output logging messages
2015-10-20 11:47:27,040 - Velocimacro : autoload off  : VM system will not automatically reload global library macros
2015-10-20 11:47:27,040 - Velocimacro : initialization complete.
2015-10-20 11:47:27,040 - Velocity successfully started.
2015-10-20 11:55:28,911 - SimpleLog4JLogSystem initialized using logfile 'velocity.log'
2015-10-20 11:55:28,911 - ************************************************************** 
2015-10-20 11:55:28,911 - Starting Jakarta Velocity v1.4
2015-10-20 11:55:28,911 - RuntimeInstance initializing.
2015-10-20 11:55:28,911 - Default Properties File: org/apache/velocity/runtime/defaults/velocity.properties
2015-10-20 11:55:28,911 - Trying to use logger class org.apache.velocity.runtime.log.SimpleLog4JLogSystem
2015-10-20 11:55:28,911 - Using logger class org.apache.velocity.runtime.log.SimpleLog4JLogSystem
2015-10-20 11:55:28,919 - Default ResourceManager initializing. (class org.apache.velocity.runtime.resource.ResourceManagerImpl)
2015-10-20 11:55:28,926 - Resource Loader Instantiated: org.apache.velocity.runtime.resource.loader.ClasspathResourceLoader
2015-10-20 11:55:28,926 - ClasspathResourceLoader : initialization starting.
2015-10-20 11:55:28,926 - ClasspathResourceLoader : initialization complete.
2015-10-20 11:55:28,932 - ResourceCache : initialized. (class org.apache.velocity.runtime.resource.ResourceCacheImpl)
2015-10-20 11:55:28,932 - Default ResourceManager initialization complete.
2015-10-20 11:55:28,936 - Loaded System Directive: org.apache.velocity.runtime.directive.Literal
2015-10-20 11:55:28,941 - Loaded System Directive: org.apache.velocity.runtime.directive.Macro
2015-10-20 11:55:28,948 - Loaded System Directive: org.apache.velocity.runtime.directive.Parse
2015-10-20 11:55:28,953 - Loaded System Directive: org.apache.velocity.runtime.directive.Include
2015-10-20 11:55:28,955 - Loaded System Directive: org.apache.velocity.runtime.directive.Foreach
2015-10-20 11:55:29,003 - Created: 20 parsers.
2015-10-20 11:55:29,029 - Velocimacro : initialization starting.
2015-10-20 11:55:29,029 - Velocimacro : adding VMs from VM library template : VM_global_library.vm
2015-10-20 11:55:29,037 - ResourceManager : unable to find resource 'VM_global_library.vm' in any resource loader.
2015-10-20 11:55:29,037 - Velocimacro : error using  VM library template VM_global_library.vm : org.apache.velocity.exception.ResourceNotFoundException: Unable to find resource 'VM_global_library.vm'
2015-10-20 11:55:29,037 - Velocimacro :  VM library template macro registration complete.
2015-10-20 11:55:29,037 - Velocimacro : allowInline = true : VMs can be defined inline in templates
2015-10-20 11:55:29,037 - Velocimacro : allowInlineToOverride = false : VMs defined inline may NOT replace previous VM definitions
2015-10-20 11:55:29,037 - Velocimacro : allowInlineLocal = false : VMs defined inline will be  global in scope if allowed.
2015-10-20 11:55:29,037 - Velocimacro : messages on  : VM system will output logging messages
2015-10-20 11:55:29,037 - Velocimacro : autoload off  : VM system will not automatically reload global library macros
2015-10-20 11:55:29,037 - Velocimacro : initialization complete.
2015-10-20 11:55:29,037 - Velocity successfully started.
